2021-02-04 15:57:49,583 [Worker-2: Loading available Gradle versions] INFO  o.e.b.c.i.u.g.PublishedGradleVersions - Gradle version information cache is up-to-date. Trying to read.
2021-02-05 09:50:15,473 [Worker-0: Loading available Gradle versions] INFO  o.e.b.c.i.u.g.PublishedGradleVersions - Gradle version information cache is up-to-date. Trying to read.
2021-02-08 09:24:27,658 [Worker-0: Loading available Gradle versions] INFO  o.e.b.c.i.u.g.PublishedGradleVersions - Gradle version information cache is out-of-date. Trying to update.
2021-02-09 10:33:44,873 [Worker-5: Loading available Gradle versions] INFO  o.e.b.c.i.u.g.PublishedGradleVersions - Gradle version information cache is out-of-date. Trying to update.
2021-02-09 16:44:35,295 [Worker-119: Importing Maven projects] INFO  o.e.m.c.i.l.LifecycleMappingFactory - Using org.eclipse.m2e.jdt.JarLifecycleMapping lifecycle mapping for MavenProject: cloudkarafka.example:kafka:1.0-SNAPSHOT @ /home/kfouri/Documents/liferay/workspaces/in-new/kafka-example/pom.xml.
2021-02-09 16:44:36,613 [Worker-119: Importing Maven projects] INFO  o.e.m.j.i.AbstractJavaProjectConfigurator - Adding source folder /kafka-example/src/main/java
2021-02-09 16:44:36,614 [Worker-119: Importing Maven projects] INFO  o.e.m.j.i.AbstractJavaProjectConfigurator - Adding source folder /kafka-example/src/test/java
2021-02-09 16:44:36,774 [Worker-119: Importing Maven projects] INFO  o.e.m.c.i.p.ProjectConfigurationManager - Imported and configured 1 project(s) in 2 sec
2021-02-09 16:44:37,169 [Worker-119: Building workspace] WARN  o.e.m.c.i.embedder.EclipseLogger - Using platform encoding (UTF-8 actually) to copy filtered resources, i.e. build is platform dependent!
2021-02-09 16:44:37,170 [Worker-119: Building workspace] INFO  o.e.m.c.i.embedder.EclipseLogger - skip non existing resourceDirectory /home/kfouri/Documents/liferay/workspaces/in-new/kafka-example/src/main/resources
2021-02-09 16:44:37,172 [Worker-119: Building workspace] WARN  o.e.m.c.i.embedder.EclipseLogger - Using platform encoding (UTF-8 actually) to copy filtered resources, i.e. build is platform dependent!
2021-02-09 16:44:37,172 [Worker-119: Building workspace] INFO  o.e.m.c.i.embedder.EclipseLogger - skip non existing resourceDirectory /home/kfouri/Documents/liferay/workspaces/in-new/kafka-example/src/test/resources
2021-02-09 16:47:42,048 [Worker-124: Building workspace] WARN  o.e.m.c.i.embedder.EclipseLogger - Using platform encoding (UTF-8 actually) to copy filtered resources, i.e. build is platform dependent!
2021-02-09 16:47:42,049 [Worker-124: Building workspace] INFO  o.e.m.c.i.embedder.EclipseLogger - skip non existing resourceDirectory /home/kfouri/Documents/liferay/workspaces/in-new/kafka-example/src/main/resources
2021-02-09 16:47:42,050 [Worker-124: Building workspace] WARN  o.e.m.c.i.embedder.EclipseLogger - Using platform encoding (UTF-8 actually) to copy filtered resources, i.e. build is platform dependent!
2021-02-09 16:47:42,052 [Worker-124: Building workspace] INFO  o.e.m.c.i.embedder.EclipseLogger - skip non existing resourceDirectory /home/kfouri/Documents/liferay/workspaces/in-new/kafka-example/src/test/resources
2021-02-09 16:47:52,251 [Worker-124: Building workspace] WARN  o.e.m.c.i.embedder.EclipseLogger - Using platform encoding (UTF-8 actually) to copy filtered resources, i.e. build is platform dependent!
2021-02-09 16:47:52,252 [Worker-124: Building workspace] INFO  o.e.m.c.i.embedder.EclipseLogger - skip non existing resourceDirectory /home/kfouri/Documents/liferay/workspaces/in-new/kafka-example/src/main/resources
2021-02-09 16:47:52,253 [Worker-124: Building workspace] WARN  o.e.m.c.i.embedder.EclipseLogger - Using platform encoding (UTF-8 actually) to copy filtered resources, i.e. build is platform dependent!
2021-02-09 16:47:52,253 [Worker-124: Building workspace] INFO  o.e.m.c.i.embedder.EclipseLogger - skip non existing resourceDirectory /home/kfouri/Documents/liferay/workspaces/in-new/kafka-example/src/test/resources
2021-02-09 16:48:39,325 [Worker-123: Building workspace] WARN  o.e.m.c.i.embedder.EclipseLogger - Using platform encoding (UTF-8 actually) to copy filtered resources, i.e. build is platform dependent!
2021-02-09 16:48:39,326 [Worker-123: Building workspace] INFO  o.e.m.c.i.embedder.EclipseLogger - skip non existing resourceDirectory /home/kfouri/Documents/liferay/workspaces/in-new/kafka-example/src/main/resources
2021-02-09 16:48:39,327 [Worker-123: Building workspace] WARN  o.e.m.c.i.embedder.EclipseLogger - Using platform encoding (UTF-8 actually) to copy filtered resources, i.e. build is platform dependent!
2021-02-09 16:48:39,328 [Worker-123: Building workspace] INFO  o.e.m.c.i.embedder.EclipseLogger - skip non existing resourceDirectory /home/kfouri/Documents/liferay/workspaces/in-new/kafka-example/src/test/resources
2021-02-09 16:50:22,083 [Worker-125: Building workspace] WARN  o.e.m.c.i.embedder.EclipseLogger - Using platform encoding (UTF-8 actually) to copy filtered resources, i.e. build is platform dependent!
2021-02-09 16:50:22,084 [Worker-125: Building workspace] INFO  o.e.m.c.i.embedder.EclipseLogger - skip non existing resourceDirectory /home/kfouri/Documents/liferay/workspaces/in-new/kafka-example/src/main/resources
2021-02-09 16:50:22,086 [Worker-125: Building workspace] WARN  o.e.m.c.i.embedder.EclipseLogger - Using platform encoding (UTF-8 actually) to copy filtered resources, i.e. build is platform dependent!
2021-02-09 16:50:22,088 [Worker-125: Building workspace] INFO  o.e.m.c.i.embedder.EclipseLogger - skip non existing resourceDirectory /home/kfouri/Documents/liferay/workspaces/in-new/kafka-example/src/test/resources
2021-02-09 16:51:08,863 [Worker-124: Updating Maven Project] INFO  o.e.m.c.i.p.ProjectConfigurationManager - Update started
2021-02-09 16:51:09,214 [Worker-124: Updating Maven Project] INFO  o.e.m.c.i.l.LifecycleMappingFactory - Using org.eclipse.m2e.jdt.JarLifecycleMapping lifecycle mapping for MavenProject: cloudkarafka.example:kafka:1.0-SNAPSHOT @ /home/kfouri/Documents/liferay/workspaces/in-new/kafka-example/pom.xml.
2021-02-09 16:51:09,481 [Worker-124: Updating Maven Project] INFO  o.e.m.j.i.AbstractJavaProjectConfigurator - Adding source folder /kafka-example/src/main/java
2021-02-09 16:51:09,481 [Worker-124: Updating Maven Project] INFO  o.e.m.j.i.AbstractJavaProjectConfigurator - Adding source folder /kafka-example/src/test/java
2021-02-09 16:51:09,545 [Worker-124: Updating Maven Project] INFO  o.e.m.c.i.p.ProjectConfigurationManager - Update completed: 0 sec
2021-02-09 16:51:09,761 [Worker-119: Building workspace] WARN  o.e.m.c.i.embedder.EclipseLogger - Using platform encoding (UTF-8 actually) to copy filtered resources, i.e. build is platform dependent!
2021-02-09 16:51:09,762 [Worker-119: Building workspace] INFO  o.e.m.c.i.embedder.EclipseLogger - skip non existing resourceDirectory /home/kfouri/Documents/liferay/workspaces/in-new/kafka-example/src/main/resources
2021-02-09 16:51:09,764 [Worker-119: Building workspace] WARN  o.e.m.c.i.embedder.EclipseLogger - Using platform encoding (UTF-8 actually) to copy filtered resources, i.e. build is platform dependent!
2021-02-09 16:51:09,764 [Worker-119: Building workspace] INFO  o.e.m.c.i.embedder.EclipseLogger - skip non existing resourceDirectory /home/kfouri/Documents/liferay/workspaces/in-new/kafka-example/src/test/resources
2021-02-09 16:51:46,752 [Worker-126: Building workspace] WARN  o.e.m.c.i.embedder.EclipseLogger - Using platform encoding (UTF-8 actually) to copy filtered resources, i.e. build is platform dependent!
2021-02-09 16:51:46,752 [Worker-126: Building workspace] INFO  o.e.m.c.i.embedder.EclipseLogger - skip non existing resourceDirectory /home/kfouri/Documents/liferay/workspaces/in-new/kafka-example/src/main/resources
2021-02-09 16:51:46,754 [Worker-126: Building workspace] WARN  o.e.m.c.i.embedder.EclipseLogger - Using platform encoding (UTF-8 actually) to copy filtered resources, i.e. build is platform dependent!
2021-02-09 16:51:46,754 [Worker-126: Building workspace] INFO  o.e.m.c.i.embedder.EclipseLogger - skip non existing resourceDirectory /home/kfouri/Documents/liferay/workspaces/in-new/kafka-example/src/test/resources
2021-02-09 16:51:58,924 [Worker-119: Building workspace] WARN  o.e.m.c.i.embedder.EclipseLogger - Using platform encoding (UTF-8 actually) to copy filtered resources, i.e. build is platform dependent!
2021-02-09 16:51:58,924 [Worker-119: Building workspace] INFO  o.e.m.c.i.embedder.EclipseLogger - skip non existing resourceDirectory /home/kfouri/Documents/liferay/workspaces/in-new/kafka-example/src/main/resources
2021-02-09 16:51:58,929 [Worker-119: Building workspace] WARN  o.e.m.c.i.embedder.EclipseLogger - Using platform encoding (UTF-8 actually) to copy filtered resources, i.e. build is platform dependent!
2021-02-09 16:51:58,929 [Worker-119: Building workspace] INFO  o.e.m.c.i.embedder.EclipseLogger - skip non existing resourceDirectory /home/kfouri/Documents/liferay/workspaces/in-new/kafka-example/src/test/resources
2021-02-09 16:52:35,470 [Worker-123: Building workspace] WARN  o.e.m.c.i.embedder.EclipseLogger - Using platform encoding (UTF-8 actually) to copy filtered resources, i.e. build is platform dependent!
2021-02-09 16:52:35,470 [Worker-123: Building workspace] INFO  o.e.m.c.i.embedder.EclipseLogger - skip non existing resourceDirectory /home/kfouri/Documents/liferay/workspaces/in-new/kafka-example/src/main/resources
2021-02-09 16:52:35,472 [Worker-123: Building workspace] WARN  o.e.m.c.i.embedder.EclipseLogger - Using platform encoding (UTF-8 actually) to copy filtered resources, i.e. build is platform dependent!
2021-02-09 16:52:35,472 [Worker-123: Building workspace] INFO  o.e.m.c.i.embedder.EclipseLogger - skip non existing resourceDirectory /home/kfouri/Documents/liferay/workspaces/in-new/kafka-example/src/test/resources
2021-02-09 16:54:58,370 [Worker-125: Building workspace] INFO  o.e.m.c.i.l.LifecycleMappingFactory - Using org.eclipse.m2e.jdt.JarLifecycleMapping lifecycle mapping for MavenProject: cloudkarafka.example:kafka:1.0-SNAPSHOT @ /home/kfouri/Documents/liferay/workspaces/in-new/kafka/pom.xml.
2021-02-09 16:54:58,804 [Worker-125: Building workspace] WARN  o.e.m.c.i.embedder.EclipseLogger - Using platform encoding (UTF-8 actually) to copy filtered resources, i.e. build is platform dependent!
2021-02-09 16:54:58,805 [Worker-125: Building workspace] INFO  o.e.m.c.i.embedder.EclipseLogger - skip non existing resourceDirectory /home/kfouri/Documents/liferay/workspaces/in-new/kafka/src/main/resources
2021-02-09 16:54:58,806 [Worker-125: Building workspace] WARN  o.e.m.c.i.embedder.EclipseLogger - Using platform encoding (UTF-8 actually) to copy filtered resources, i.e. build is platform dependent!
2021-02-09 16:54:58,807 [Worker-125: Building workspace] INFO  o.e.m.c.i.embedder.EclipseLogger - skip non existing resourceDirectory /home/kfouri/Documents/liferay/workspaces/in-new/kafka/src/test/resources
2021-02-09 16:54:59,055 [Worker-129: Building workspace] WARN  o.e.m.c.i.embedder.EclipseLogger - Using platform encoding (UTF-8 actually) to copy filtered resources, i.e. build is platform dependent!
2021-02-09 16:54:59,057 [Worker-129: Building workspace] INFO  o.e.m.c.i.embedder.EclipseLogger - skip non existing resourceDirectory /home/kfouri/Documents/liferay/workspaces/in-new/kafka/src/main/resources
2021-02-09 16:54:59,059 [Worker-129: Building workspace] WARN  o.e.m.c.i.embedder.EclipseLogger - Using platform encoding (UTF-8 actually) to copy filtered resources, i.e. build is platform dependent!
2021-02-09 16:54:59,060 [Worker-129: Building workspace] INFO  o.e.m.c.i.embedder.EclipseLogger - skip non existing resourceDirectory /home/kfouri/Documents/liferay/workspaces/in-new/kafka/src/test/resources
2021-02-09 16:55:31,982 [Worker-130: Updating Maven Project] INFO  o.e.m.c.i.p.ProjectConfigurationManager - Update started
2021-02-09 16:55:32,329 [Worker-130: Updating Maven Project] INFO  o.e.m.c.i.l.LifecycleMappingFactory - Using org.eclipse.m2e.jdt.JarLifecycleMapping lifecycle mapping for MavenProject: cloudkarafka.example:kafka:1.0-SNAPSHOT @ /home/kfouri/Documents/liferay/workspaces/in-new/kafka/pom.xml.
2021-02-09 16:55:32,564 [Worker-130: Updating Maven Project] INFO  o.e.m.j.i.AbstractJavaProjectConfigurator - Not adding source folder /kafka/src/main/java because it overlaps with /kafka/src
2021-02-09 16:55:32,564 [Worker-130: Updating Maven Project] INFO  o.e.m.j.i.AbstractJavaProjectConfigurator - Not adding source folder /kafka/src/test/java because it overlaps with /kafka/src
2021-02-09 16:55:32,607 [Worker-130: Updating Maven Project] INFO  o.e.m.c.i.p.ProjectConfigurationManager - Update completed: 0 sec
2021-02-09 16:55:32,863 [Worker-131: Building workspace] WARN  o.e.m.c.i.embedder.EclipseLogger - Using platform encoding (UTF-8 actually) to copy filtered resources, i.e. build is platform dependent!
2021-02-09 16:55:32,863 [Worker-131: Building workspace] INFO  o.e.m.c.i.embedder.EclipseLogger - skip non existing resourceDirectory /home/kfouri/Documents/liferay/workspaces/in-new/kafka/src/main/resources
2021-02-09 16:55:32,866 [Worker-131: Building workspace] WARN  o.e.m.c.i.embedder.EclipseLogger - Using platform encoding (UTF-8 actually) to copy filtered resources, i.e. build is platform dependent!
2021-02-09 16:55:32,866 [Worker-131: Building workspace] INFO  o.e.m.c.i.embedder.EclipseLogger - skip non existing resourceDirectory /home/kfouri/Documents/liferay/workspaces/in-new/kafka/src/test/resources
2021-02-09 16:56:44,703 [Worker-128: Building workspace] WARN  o.e.m.c.i.embedder.EclipseLogger - Using platform encoding (UTF-8 actually) to copy filtered resources, i.e. build is platform dependent!
2021-02-09 16:56:44,704 [Worker-128: Building workspace] INFO  o.e.m.c.i.embedder.EclipseLogger - skip non existing resourceDirectory /home/kfouri/Documents/liferay/workspaces/in-new/kafka/src/main/resources
2021-02-09 16:56:44,705 [Worker-128: Building workspace] WARN  o.e.m.c.i.embedder.EclipseLogger - Using platform encoding (UTF-8 actually) to copy filtered resources, i.e. build is platform dependent!
2021-02-09 16:56:44,705 [Worker-128: Building workspace] INFO  o.e.m.c.i.embedder.EclipseLogger - skip non existing resourceDirectory /home/kfouri/Documents/liferay/workspaces/in-new/kafka/src/test/resources
2021-02-09 16:57:03,560 [Worker-131: Building workspace] WARN  o.e.m.c.i.embedder.EclipseLogger - Using platform encoding (UTF-8 actually) to copy filtered resources, i.e. build is platform dependent!
2021-02-09 16:57:03,561 [Worker-131: Building workspace] INFO  o.e.m.c.i.embedder.EclipseLogger - skip non existing resourceDirectory /home/kfouri/Documents/liferay/workspaces/in-new/kafka/src/main/resources
2021-02-09 16:57:03,563 [Worker-131: Building workspace] WARN  o.e.m.c.i.embedder.EclipseLogger - Using platform encoding (UTF-8 actually) to copy filtered resources, i.e. build is platform dependent!
2021-02-09 16:57:03,564 [Worker-131: Building workspace] INFO  o.e.m.c.i.embedder.EclipseLogger - skip non existing resourceDirectory /home/kfouri/Documents/liferay/workspaces/in-new/kafka/src/test/resources
2021-02-09 16:59:29,550 [Worker-128: Building workspace] WARN  o.e.m.c.i.embedder.EclipseLogger - Using platform encoding (UTF-8 actually) to copy filtered resources, i.e. build is platform dependent!
2021-02-09 16:59:29,552 [Worker-128: Building workspace] INFO  o.e.m.c.i.embedder.EclipseLogger - skip non existing resourceDirectory /home/kfouri/Documents/liferay/workspaces/in-new/kafka/src/main/resources
2021-02-09 16:59:29,553 [Worker-128: Building workspace] WARN  o.e.m.c.i.embedder.EclipseLogger - Using platform encoding (UTF-8 actually) to copy filtered resources, i.e. build is platform dependent!
2021-02-09 16:59:29,554 [Worker-128: Building workspace] INFO  o.e.m.c.i.embedder.EclipseLogger - skip non existing resourceDirectory /home/kfouri/Documents/liferay/workspaces/in-new/kafka/src/test/resources
2021-02-09 17:07:10,305 [Worker-133: Building workspace] WARN  o.e.m.c.i.embedder.EclipseLogger - Using platform encoding (UTF-8 actually) to copy filtered resources, i.e. build is platform dependent!
2021-02-09 17:07:10,306 [Worker-133: Building workspace] INFO  o.e.m.c.i.embedder.EclipseLogger - skip non existing resourceDirectory /home/kfouri/Documents/liferay/workspaces/in-new/kafka/src/main/resources
2021-02-09 17:07:10,307 [Worker-133: Building workspace] WARN  o.e.m.c.i.embedder.EclipseLogger - Using platform encoding (UTF-8 actually) to copy filtered resources, i.e. build is platform dependent!
2021-02-09 17:07:10,307 [Worker-133: Building workspace] INFO  o.e.m.c.i.embedder.EclipseLogger - skip non existing resourceDirectory /home/kfouri/Documents/liferay/workspaces/in-new/kafka/src/test/resources
2021-02-09 17:07:56,914 [Worker-134: Launching ApiKeys] WARN  o.e.m.c.i.embedder.EclipseLogger - Using platform encoding (UTF-8 actually) to copy filtered resources, i.e. build is platform dependent!
2021-02-09 17:07:56,915 [Worker-134: Launching ApiKeys] INFO  o.e.m.c.i.embedder.EclipseLogger - skip non existing resourceDirectory /home/kfouri/Documents/liferay/workspaces/in-new/kafka/src/main/resources
2021-02-09 17:07:56,916 [Worker-134: Launching ApiKeys] WARN  o.e.m.c.i.embedder.EclipseLogger - Using platform encoding (UTF-8 actually) to copy filtered resources, i.e. build is platform dependent!
2021-02-09 17:07:56,917 [Worker-134: Launching ApiKeys] INFO  o.e.m.c.i.embedder.EclipseLogger - skip non existing resourceDirectory /home/kfouri/Documents/liferay/workspaces/in-new/kafka/src/test/resources
2021-02-10 09:25:47,444 [Worker-2: Loading available Gradle versions] INFO  o.e.b.c.i.u.g.PublishedGradleVersions - Gradle version information cache is up-to-date. Trying to read.
2021-02-10 09:27:40,454 [Worker-12: Building workspace] WARN  o.e.m.c.i.embedder.EclipseLogger - Using platform encoding (UTF-8 actually) to copy filtered resources, i.e. build is platform dependent!
2021-02-10 09:27:40,456 [Worker-12: Building workspace] INFO  o.e.m.c.i.embedder.EclipseLogger - skip non existing resourceDirectory /home/kfouri/Documents/liferay/workspaces/in-new/kafka/src/main/resources
2021-02-10 09:27:40,458 [Worker-12: Building workspace] WARN  o.e.m.c.i.embedder.EclipseLogger - Using platform encoding (UTF-8 actually) to copy filtered resources, i.e. build is platform dependent!
2021-02-10 09:27:40,459 [Worker-12: Building workspace] INFO  o.e.m.c.i.embedder.EclipseLogger - skip non existing resourceDirectory /home/kfouri/Documents/liferay/workspaces/in-new/kafka/src/test/resources
